\BOOKMARK [1][-]{section.1}{\376\377\0001\000\040\000I\000n\000t\000r\000o\000d\000u\000c\000t\000i\000o\000n}{}% 1
\BOOKMARK [2][-]{subsection.1.1}{\376\377\0001\000.\0001\000\040\000P\000r\000o\000b\000l\000e\000m\000/\000M\000o\000t\000i\000v\000a\000t\000i\000o\000n}{section.1}% 2
\BOOKMARK [2][-]{subsection.1.2}{\376\377\0001\000.\0002\000\040\000C\000o\000n\000t\000e\000n\000t}{section.1}% 3
\BOOKMARK [2][-]{subsection.1.3}{\376\377\0001\000.\0003\000\040\000D\000e\000f\000i\000n\000i\000t\000i\000o\000n\000s\000\040\000a\000n\000d\000\040\000N\000o\000t\000a\000t\000i\000o\000n\000s}{section.1}% 4
\BOOKMARK [2][-]{subsection.1.4}{\376\377\0001\000.\0004\000\040\000T\000h\000e\000\040\000C\000o\000m\000p\000e\000t\000i\000t\000o\000r\000s}{section.1}% 5
\BOOKMARK [1][-]{section.2}{\376\377\0002\000\040\000O\000u\000r\000\040\000l\000o\000c\000a\000l\000\040\000S\000o\000l\000v\000e\000r}{}% 6
\BOOKMARK [2][-]{subsection.2.1}{\376\377\0002\000.\0001\000\040\000i\000n\000i\000t\000A\000s\000s\000i\000g\000n\000\050\000F\000\051}{section.2}% 7
\BOOKMARK [2][-]{subsection.2.2}{\376\377\0002\000.\0002\000\040\000p\000i\000c\000k\000C\000l\000a\000\050\000A\000\051}{section.2}% 8
\BOOKMARK [2][-]{subsection.2.3}{\376\377\0002\000.\0003\000\040\000p\000i\000c\000k\000V\000a\000r\000\050\000A\000,\000c\000\051}{section.2}% 9
\BOOKMARK [2][-]{subsection.2.4}{\376\377\0002\000.\0004\000\040\000p\000i\000c\000k\000V\000a\000r\000\050\000A\000,\000c\000\051\000\040\000w\000i\000t\000h\000\040\000S\000i\000m\000u\000l\000a\000t\000e\000d\000\040\000A\000n\000n\000e\000a\000l\000i\000n\000g}{section.2}% 10
\BOOKMARK [2][-]{subsection.2.5}{\376\377\0002\000.\0005\000\040\000D\000a\000t\000a\000\040\000s\000t\000r\000u\000c\000t\000u\000r\000e\000s}{section.2}% 11
\BOOKMARK [1][-]{section.3}{\376\377\0003\000\040\000O\000u\000r\000\040\000P\000a\000r\000a\000l\000l\000e\000l\000\040\000A\000l\000g\000o\000r\000i\000t\000h\000m}{}% 12
\BOOKMARK [2][-]{subsection.3.1}{\376\377\0003\000.\0001\000\040\0001\000s\000t\000\040\000A\000p\000p\000r\000o\000a\000c\000h\000:\000\040\000T\000h\000e\000\040\000p\000u\000r\000e\000\040\000p\000o\000r\000t\000f\000o\000l\000i\000o\000\040\000a\000p\000p\000r\000o\000a\000c\000h\000\040\000\050\000n\000o\000\040\000p\000a\000r\000t\000i\000t\000i\000o\000n\000\051}{section.3}% 13
\BOOKMARK [2][-]{subsection.3.2}{\376\377\0003\000.\0002\000\040\0002\000n\000d\000\040\000A\000p\000p\000r\000o\000a\000c\000h\000:\000\040\000S\000t\000a\000r}{section.3}% 14
\BOOKMARK [2][-]{subsection.3.3}{\376\377\0003\000.\0003\000\040\0003\000n\000d\000\040\000A\000p\000p\000r\000o\000a\000c\000h\000:\000\040\000H\000o\000p\000e}{section.3}% 15
\BOOKMARK [2][-]{subsection.3.4}{\376\377\0003\000.\0004\000\040\0004\000t\000h\000\040\000A\000p\000p\000r\000o\000a\000c\000h\000:\000\040\000f\000u\000t\000u\000r\000e}{section.3}% 16
\BOOKMARK [1][-]{section.4}{\376\377\0004\000\040\000E\000v\000a\000l\000u\000a\000t\000i\000o\000n}{}% 17
\BOOKMARK [2][-]{subsection.4.1}{\376\377\0004\000.\0001\000\040\000D\000I\000M\000A\000C\000S\000\040\000s\000t\000a\000n\000d\000a\000r\000d\000\040\000f\000o\000r\000m\000a\000t}{section.4}% 18
\BOOKMARK [2][-]{subsection.4.2}{\376\377\0004\000.\0002\000\040\000B\000e\000n\000c\000h\000m\000a\000r\000k\000s}{section.4}% 19
\BOOKMARK [2][-]{subsection.4.3}{\376\377\0004\000.\0003\000\040\000U\000s\000e\000d\000\040\000p\000l\000o\000t\000s\000\040\000a\000n\000d\000\040\000t\000a\000b\000l\000e\000s}{section.4}% 20
\BOOKMARK [2][-]{subsection.4.4}{\376\377\0004\000.\0004\000\040\000R\000a\000n\000d\000o\000m\000\040\000s\000e\000e\000d\000s\000\040\000u\000s\000e\000d\000\040\000i\000n\000\040\000E\000x\000p\000e\000r\000i\000m\000e\000n\000t\000s}{section.4}% 21
\BOOKMARK [3][-]{subsubsection.4.4.1}{\376\377\0004\000.\0004\000.\0001\000\040\000S\000o\000f\000t\000-\000\040\000a\000n\000d\000\040\000H\000a\000r\000d\000w\000a\000r\000e}{subsection.4.4}% 22
\BOOKMARK [2][-]{subsection.4.5}{\376\377\0004\000.\0005\000\040\000P\000a\000r\000a\000m\000e\000t\000e\000r\000\040\000S\000e\000t\000t\000i\000n\000g\000s\000\040\000i\000n\000\040\000E\000x\000p\000e\000r\000i\000m\000e\000n\000t}{section.4}% 23
\BOOKMARK [2][-]{subsection.4.6}{\376\377\0004\000.\0006\000\040\000E\000x\000p\000e\000r\000i\000m\000e\000n\000t\000s}{section.4}% 24
\BOOKMARK [3][-]{subsubsection.4.6.1}{\376\377\0004\000.\0006\000.\0001\000\040\000E\000x\000p\000e\000r\000i\000m\000e\000n\000t\000\040\0001\000:\000\040\000i\000n\000i\000t\000A\000s\000s\000i\000g\000n\000\050\000F\000\051}{subsection.4.6}% 25
\BOOKMARK [3][-]{subsubsection.4.6.2}{\376\377\0004\000.\0006\000.\0002\000\040\000E\000x\000p\000e\000r\000i\000m\000e\000n\000t\000\040\0002\000:\000\040\000p\000i\000c\000k\000V\000a\000r\000\050\000F\000\051}{subsection.4.6}% 26
\BOOKMARK [3][-]{subsubsection.4.6.3}{\376\377\0004\000.\0006\000.\0003\000\040\000E\000x\000p\000e\000r\000i\000m\000e\000n\000t\000\040\0003\000:\000\040\000W\000A\000L\000K\000\040\000w\000i\000t\000h\000\040\000S\000i\000m\000u\000l\000a\000t\000e\000d\000\040\000A\000n\000n\000e\000a\000l\000i\000n\000g}{subsection.4.6}% 27
\BOOKMARK [3][-]{subsubsection.4.6.4}{\376\377\0004\000.\0006\000.\0004\000\040\000E\000x\000p\000e\000r\000i\000m\000e\000n\000t\000\040\0004\000:\000\040\000A\000v\000e\000r\000a\000g\000e\000\040\000w\000i\000t\000h\000\040\000S\000i\000m\000u\000l\000a\000t\000e\000d\000\040\000A\000n\000n\000e\000a\000l\000i\000n\000g}{subsection.4.6}% 28
\BOOKMARK [3][-]{subsubsection.4.6.5}{\376\377\0004\000.\0006\000.\0005\000\040\000E\000x\000p\000e\000r\000i\000m\000e\000n\000t\000\040\0005\000:\000\040\000R\000a\000n\000d\000o\000m\000-\000F\000l\000i\000p\000\040\000w\000i\000t\000h\000\040\000S\000i\000m\000u\000l\000a\000t\000e\000d\000\040\000A\000n\000n\000e\000a\000l\000i\000n\000g}{subsection.4.6}% 29
\BOOKMARK [3][-]{subsubsection.4.6.6}{\376\377\0004\000.\0006\000.\0006\000\040\000E\000x\000p\000e\000r\000i\000m\000e\000n\000t\000\040\0006\000:\000\040\000p\000r\000o\000b\000S\000A\000T\000\040\000v\000s\000\040\000W\000A\000L\000K\000.}{subsection.4.6}% 30
\BOOKMARK [3][-]{subsubsection.4.6.7}{\376\377\0004\000.\0006\000.\0007\000\040\000E\000x\000p\000e\000r\000i\000m\000e\000n\000t\000\040\0007\000:\000\040\000p\000r\000o\000b\000S\000A\000T\000\040\000v\000s\000\040\000A\000v\000e\000r\000a\000g\000e\000.}{subsection.4.6}% 31
\BOOKMARK [3][-]{subsubsection.4.6.8}{\376\377\0004\000.\0006\000.\0008\000\040\000E\000x\000p\000e\000r\000i\000m\000e\000n\000t\000\040\0008\000:\000p\000r\000o\000b\000S\000A\000T\000\040\000v\000s\000\040\000R\000a\000n\000d\000o\000m\000-\000F\000l\000i\000p\000.}{subsection.4.6}% 32
\BOOKMARK [3][-]{subsubsection.4.6.9}{\376\377\0004\000.\0006\000.\0009\000\040\000E\000x\000p\000e\000r\000i\000m\000e\000n\000t\000\040\0009\000:\000\040\0002\0000\0001\0007\000-\000U\000N\000I\000F\000\040\000C\000o\000m\000p\000a\000r\000i\000s\000i\000o\000n}{subsection.4.6}% 33
\BOOKMARK [1][-]{section.5}{\376\377\0005\000\040\000C\000o\000n\000c\000l\000u\000s\000i\000o\000n}{}% 34
\BOOKMARK [2][-]{subsection.5.1}{\376\377\0005\000.\0001\000\040\000F\000u\000r\000t\000h\000e\000r\000\040\000w\000o\000r\000k}{section.5}% 35
\BOOKMARK [1][-]{section.6}{\376\377\0006\000\040\000B\000i\000b\000l\000i\000o\000g\000r\000a\000p\000h\000y}{}% 36
